INFO:root:API request successful for city: jalgaon
INFO:root:API request successful for city: jalgaon
INFO:root:API request successful for city: jalgaon
INFO:root:API request successful for city: jalgaon
INFO:root:API request successful for city: jalgaon
INFO:root:API request successful for city: jalgaon
INFO:root:API request successful for city: jalgaon
INFO:root:API request successful for city: jalgaon
INFO:root:API request successful for city: jalgaon
INFO:root:API request successful for city: Pune
INFO:root:API request successful for city: Jalgaon
INFO:root:API request successful for city: pune
INFO:root:API request successful for city: pune
INFO:root:API request successful for city: pune
INFO:root:API request successful for city: Jalgaon
INFO:root:API request successful for city: PUne
INFO:root:API request successful for city: indore
INFO:root:API request successful for city: java
INFO:root:API request successful for city: pune
INFO:root:API request successful for city: Jalgaon
INFO:root:API request successful for city: pune
INFO:root:API request successful for city: pune
INFO:root:API request successful for city: Jalgaon
INFO:root:API request successful for city: Jalgaon
INFO:root:API request successful for city: Pune
INFO:root:API request successful for city: Jalgaon
INFO:root:API request successful for city: Jalgaon
INFO:root:API request successful for city: Pune
INFO:root:API request successful for city: jalgaobdbw
WARNING:root:API response error for city: jalgaobdbw. Error: city not found
INFO:root:API request successful for city: ejhfbvjhec
WARNING:root:API response error for city: ejhfbvjhec. Error: city not found
INFO:root:API request successful for city: Jalgaon
INFO:root:API request successful for city: Jalgaon
INFO:root:API request successful for city: Jalgaon
INFO:root:API request successful for city: pune
INFO:root:API request successful for city: MuMbAi
INFO:root:API request successful for city: Jalgaon
INFO:root:API request successful for city: Pune
INFO:root:API request successful for city: Mumbai
INFO:root:API request successful for city: Jalgaon
INFO:root:API request successful for city: Jalgafrf
WARNING:root:API response error for city: Jalgafrf. Error: city not found
INFO:root:API request successful for city: Jalgaon
INFO:root:API request successful for city: Wghfv
WARNING:root:API response error for city: Wghfv. Error: city not found
INFO:root:API request successful for city: Jhcvedc
WARNING:root:API response error for city: Jhcvedc. Error: city not found
INFO:root:API request successful for city: Pal
INFO:root:API request successful for city: Navi
INFO:root:API request successful for city: Pal
INFO:root:API request successful for city: Navi
INFO:root:API request successful for city: Jalgaon
INFO:root:API request successful for city: Jalgaon
INFO:root:API request successful for city: Jalgaon
INFO:root:API request successful for city: Jalgaon
INFO:root:API request successful for city: Jalgaon
INFO:root:API request successful for city: Jalgaon
INFO:root:API request successful for city: Jalgaon
INFO:root:API request successful for city: Jalgaon
INFO:root:API request successful for city: Jalgaon
INFO:root:API request successful for city: Jalgaon
INFO:root:API request successful for city: Jalgaon
INFO:root:API request successful for city: Jalgaon
INFO:root:API request successful for city: Jalgaon
INFO:root:API request successful for city: Jalgaon
INFO:root:API request successful for city: Jalgaon
INFO:root:API request successful for city: Jalgaon
INFO:root:API request successful for city: Jalgaon
INFO:root:API request successful for city: Jalgaon
INFO:root:API request successful for city: Jalgaon
INFO:root:API request successful for city: Jalgaon
INFO:root:API request successful for city: Jalgaon
INFO:root:API request successful for city: Jalgaon
INFO:root:API request successful for city: Jalgaon
INFO:root:API request successful for city: Jalgaon
INFO:root:API request successful for city: Pune
INFO:root:API request successful for city: Mumbai
INFO:root:API request successful for city: Jalgaon
INFO:root:API request successful for city: Pune
INFO:root:API request successful for city: Mumbai
INFO:root:API request successful for city: Jalgaon
INFO:root:API request successful for city: Pune
INFO:root:API request successful for city: Mumbai
INFO:root:API request successful for city: Jalgaon
INFO:root:API request successful for city: Pune
INFO:root:API request successful for city: Mumbai
INFO:root:API request successful for city: Jalgaon
INFO:root:API request successful for city: Pune
INFO:root:API request successful for city: Mumbai
INFO:root:API request successful for city: Jalgaon
INFO:root:API request successful for city: Jalgaon
INFO:root:API request successful for city: Jalgaon
INFO:root:API request successful for city: Jalgaon
INFO:root:API request successful for city: Jalgaon
INFO:root:API request successful for city: Jalgaon
INFO:root:API request successful for city: Jalgaon
INFO:root:API request successful for city: Jalgaon
